<?xml version="1.0" encoding="UTF-8"?>
<!-- Generated by org.testng.reporters.JUnitXMLReporter -->
<testsuite hostname="BlackTower" ignored="8" name="Regression" tests="4" failures="1" timestamp="13 Jul 2019 16:03:21 GMT" time="86.995" errors="0">
  <testcase name="_0_06_gearBestIndevidualCategoryTest" time="24.18" classname="katzevman_David.com.gearBest.tests.MainCategoriesTesting"/>
  <testcase name="_0_05_gearBestFlashSale" time="11.219" classname="katzevman_David.com.gearBest.tests.MainCategoriesTesting_FlashSale">
    <failure type="org.openqa.selenium.NoSuchElementException" message="no such element: Unable to locate element: {&amp;quot;method&amp;quot;:&amp;quot;xpath&amp;quot;,&amp;quot;selector&amp;quot;:&amp;quot;//li[@data-index=3]//div[@class=&amp;apos;goodsItem_title&amp;apos;]&amp;quot;}
  (Session info: chrome=75.0.3770.100)
For documentation on this error, please visit: https://www.seleniumhq.org/exceptions/no_such_element.html
Build info: version: &amp;apos;3.141.59&amp;apos;, revision: &amp;apos;e82be7d358&amp;apos;, time: &amp;apos;2018-11-14T08:17:03&amp;apos;
System info: host: &amp;apos;BLACKTOWER&amp;apos;, ip: &amp;apos;192.168.1.19&amp;apos;, os.name: &amp;apos;Windows 10&amp;apos;, os.arch: &amp;apos;amd64&amp;apos;, os.version: &amp;apos;10.0&amp;apos;, java.version: &amp;apos;1.8.0_211&amp;apos;
Driver info: org.openqa.selenium.chrome.ChromeDriver
Capabilities {acceptInsecureCerts: false, browserName: chrome, browserVersion: 75.0.3770.100, chrome: {chromedriverVersion: 75.0.3770.90 (a6dcaf7e3ec6f..., userDataDir: C:\Users\User\AppData\Local...}, goog:chromeOptions: {debuggerAddress: localhost:52459}, javascriptEnabled: true, networkConnectionEnabled: false, pageLoadStrategy: normal, platform: XP, platformName: XP, proxy: Proxy(), setWindowRect: true, strictFileInteractability: false, timeouts: {implicit: 0, pageLoad: 300000, script: 30000}, unhandledPromptBehavior: dismiss and notify}
Session ID: d25b5553d4b9cedc93f955dab5b46ba8
*** Element info: {Using=xpath, value=//li[@data-index=3]//div[@class=&amp;apos;goodsItem_title&amp;apos;]}">
      <![CDATA[org.openqa.selenium.NoSuchElementException: no such element: Unable to locate element: {"method":"xpath","selector":"//li[@data-index=3]//div[@class='goodsItem_title']"}
  (Session info: chrome=75.0.3770.100)
For documentation on this error, please visit: https://www.seleniumhq.org/exceptions/no_such_element.html
Build info: version: '3.141.59', revision: 'e82be7d358', time: '2018-11-14T08:17:03'
System info: host: 'BLACKTOWER', ip: '192.168.1.19', os.name: 'Windows 10', os.arch: 'amd64', os.version: '10.0', java.version: '1.8.0_211'
Driver info: org.openqa.selenium.chrome.ChromeDriver
Capabilities {acceptInsecureCerts: false, browserName: chrome, browserVersion: 75.0.3770.100, chrome: {chromedriverVersion: 75.0.3770.90 (a6dcaf7e3ec6f..., userDataDir: C:\Users\User\AppData\Local...}, goog:chromeOptions: {debuggerAddress: localhost:52459}, javascriptEnabled: true, networkConnectionEnabled: false, pageLoadStrategy: normal, platform: XP, platformName: XP, proxy: Proxy(), setWindowRect: true, strictFileInteractability: false, timeouts: {implicit: 0, pageLoad: 300000, script: 30000}, unhandledPromptBehavior: dismiss and notify}
Session ID: d25b5553d4b9cedc93f955dab5b46ba8
*** Element info: {Using=xpath, value=//li[@data-index=3]//div[@class='goodsItem_title']}
at org.openqa.selenium.remote.http.W3CHttpResponseCodec.createException(W3CHttpResponseCodec.java:187)
at org.openqa.selenium.remote.http.W3CHttpResponseCodec.decode(W3CHttpResponseCodec.java:122)
at org.openqa.selenium.remote.http.W3CHttpResponseCodec.decode(W3CHttpResponseCodec.java:49)
at org.openqa.selenium.remote.HttpCommandExecutor.execute(HttpCommandExecutor.java:158)
at org.openqa.selenium.remote.service.DriverCommandExecutor.execute(DriverCommandExecutor.java:83)
at org.openqa.selenium.remote.RemoteWebDriver.execute(RemoteWebDriver.java:552)
at org.openqa.selenium.remote.RemoteWebDriver.findElement(RemoteWebDriver.java:323)
at org.openqa.selenium.remote.RemoteWebDriver.findElementByXPath(RemoteWebDriver.java:428)
at org.openqa.selenium.By$ByXPath.findElement(By.java:353)
at org.openqa.selenium.remote.RemoteWebDriver.findElement(RemoteWebDriver.java:315)
at katzevman_David.com.gearBest.Infra.web.ActionBot.getElementText(ActionBot.java:57)
at katzevman_David.com.gearBest.Infra.Pages.GearBest_ProductFlashSalePage.getSearchResultTitleByIndex(GearBest_ProductFlashSalePage.java:18)
at katzevman_David.com.gearBest.tests.MainCategoriesTesting_FlashSale._0_05_gearBestFlashSale(MainCategoriesTesting_FlashSale.java:41)
... Removed 29 stack frames]]>
    </failure>
  </testcase> <!-- _0_05_gearBestFlashSale -->
  <testcase name="_0_02_gearBestIndevidualProductTest_1" time="29.779" classname="katzevman_David.com.gearBest.tests.ProductsDiscountTesting"/>
  <testcase name="_0_03_gearBestIndevidualProductTest_2" time="18.189" classname="katzevman_David.com.gearBest.tests.ProductsTitleTesting"/>
  <testcase name="_0_07_gearBestLinkTest1" time="0.0" classname="katzevman_David.com.gearBest.tests.ExternalLinks_part1">
    <ignored/>
  </testcase> <!-- _0_07_gearBestLinkTest1 -->
  <testcase name="_0_01_gearBestLandingPageSearch" time="0.0" classname="katzevman_David.com.gearBest.tests.BasicUserFlow">
    <ignored/>
  </testcase> <!-- _0_01_gearBestLandingPageSearch -->
  <testcase name="_0_11_gearBest_basicFunctions_LoginTests_3" time="0.0" classname="katzevman_David.com.gearBest.tests.SiteLogInTests_part3">
    <ignored/>
  </testcase> <!-- _0_11_gearBest_basicFunctions_LoginTests_3 -->
  <testcase name="_0_10_gearBest_basicFunctions_LoginTests_2" time="0.0" classname="katzevman_David.com.gearBest.tests.SiteLogInTests_part2">
    <ignored/>
  </testcase> <!-- _0_10_gearBest_basicFunctions_LoginTests_2 -->
  <testcase name="_0_04_gearBestSearchbarTests" time="0.0" classname="katzevman_David.com.gearBest.tests.SearchBarTesting">
    <ignored/>
  </testcase> <!-- _0_04_gearBestSearchbarTests -->
  <testcase name="searchFromMainLandingPage" time="0.0" classname="katzevman_David.com.gearBest.tests.DataProviderFunctions">
    <ignored/>
  </testcase> <!-- searchFromMainLandingPage -->
  <testcase name="_0_09_gearBest_basicFunctions_LoginTests_1" time="0.0" classname="katzevman_David.com.gearBest.tests.SiteLogInTests_part1">
    <ignored/>
  </testcase> <!-- _0_09_gearBest_basicFunctions_LoginTests_1 -->
  <testcase name="_0_08_gearBestLinkTest2" time="0.0" classname="katzevman_David.com.gearBest.tests.ExternalLinks_part2">
    <ignored/>
  </testcase> <!-- _0_08_gearBestLinkTest2 -->
</testsuite> <!-- Regression -->
