<html>
<head>
<title>TestNG:  Regression</title>
<link href="../testng.css" rel="stylesheet" type="text/css" />
<link href="../my-testng.css" rel="stylesheet" type="text/css" />

<style type="text/css">
.log { display: none;} 
.stack-trace { display: none;} 
</style>
<script type="text/javascript">
<!--
function flip(e) {
  current = e.style.display;
  if (current == 'block') {
    e.style.display = 'none';
    return 0;
  }
  else {
    e.style.display = 'block';
    return 1;
  }
}

function toggleBox(szDivId, elem, msg1, msg2)
{
  var res = -1;  if (document.getElementById) {
    res = flip(document.getElementById(szDivId));
  }
  else if (document.all) {
    // this is the way old msie versions work
    res = flip(document.all[szDivId]);
  }
  if(elem) {
    if(res == 0) elem.innerHTML = msg1; else elem.innerHTML = msg2;
  }

}

function toggleAllBoxes() {
  if (document.getElementsByTagName) {
    d = document.getElementsByTagName('div');
    for (i = 0; i < d.length; i++) {
      if (d[i].className == 'log') {
        flip(d[i]);
      }
    }
  }
}

// -->
</script>

</head>
<body>
<h2 align='center'>Regression</h2><table border='1' align="center">
<tr>
<td>Tests passed/Failed/Skipped:</td><td>1/4/0</td>
</tr><tr>
<td>Started on:</td><td>Sat Jul 06 20:19:37 IDT 2019</td>
</tr>
<tr><td>Total time:</td><td>32 seconds (32580 ms)</td>
</tr><tr>
<td>Included groups:</td><td>Regression </td>
</tr><tr>
<td>Excluded groups:</td><td>Sanity </td>
</tr>
</table><p/>
<small><i>(Hover the method name to see the test class name)</i></small><p/>
<table width='100%' border='1' class='invocation-failed'>
<tr><td colspan='4' align='center'><b>FAILED TESTS</b></td></tr>
<tr><td><b>Test method</b></td>
<td width="30%"><b>Exception</b></td>
<td width="10%"><b>Time (seconds)</b></td>
<td><b>Instance</b></td>
</tr>
<tr>
<td title='katzevman_David.com.gearBest.tests.Test2._0_02_gearBestIndevidualProductTest()'><b>_0_02_gearBestIndevidualProductTest</b><br>Test class: katzevman_David.com.gearBest.tests.Test2</td>
<td><div><pre>java.lang.Exception: Not on the expected page: GearBestLandingPage
Expected condition failed: waiting for visibility of element located by By.className: siteNewUser_content (tried for 5 second(s) with 500 milliseconds interval)
	at katzevman_David.com.gearBest.Infra.Pages.AbstractPage.assertInPage(AbstractPage.java:40)
	at katzevman_David.com.gearBest.Infra.Pages.AbstractPage.&lt;init&gt;(AbstractPage.java:26)
	at katzevman_David.com.gearBest.Infra.Pages.GearBestLandingPage.&lt;init&gt;(GearBestLandingPage.java:25)
	at katzevman_David.com.gearBest.tests.Test2._0_02_gearBestIndevidualProductTest(Test2.java:34)
... Removed 25 stack frames</pre></div><a href='#' onClick='toggleBox("stack-trace912966811", this, "Click to show all stack frames", "Click to hide stack frames")'>Click to show all stack frames</a>
<div class='stack-trace' id='stack-trace912966811'><pre>java.lang.Exception: Not on the expected page: GearBestLandingPage
Expected condition failed: waiting for visibility of element located by By.className: siteNewUser_content (tried for 5 second(s) with 500 milliseconds interval)
	at katzevman_David.com.gearBest.Infra.Pages.AbstractPage.assertInPage(AbstractPage.java:40)
	at katzevman_David.com.gearBest.Infra.Pages.AbstractPage.&lt;init&gt;(AbstractPage.java:26)
	at katzevman_David.com.gearBest.Infra.Pages.GearBestLandingPage.&lt;init&gt;(GearBestLandingPage.java:25)
	at katzevman_David.com.gearBest.tests.Test2._0_02_gearBestIndevidualProductTest(Test2.java:34)
	at sun.reflect.NativeMethodAccessorImpl.invoke0(Native Method)
	at sun.reflect.NativeMethodAccessorImpl.invoke(Unknown Source)
	at sun.reflect.DelegatingMethodAccessorImpl.invoke(Unknown Source)
	at java.lang.reflect.Method.invoke(Unknown Source)
	at org.testng.internal.MethodInvocationHelper.invokeMethod(MethodInvocationHelper.java:124)
	at org.testng.internal.Invoker.invokeMethod(Invoker.java:583)
	at org.testng.internal.Invoker.invokeTestMethod(Invoker.java:719)
	at org.testng.internal.Invoker.invokeTestMethods(Invoker.java:989)
	at org.testng.internal.TestMethodWorker.invokeTestMethods(TestMethodWorker.java:125)
	at org.testng.internal.TestMethodWorker.run(TestMethodWorker.java:109)
	at org.testng.TestRunner.privateRun(TestRunner.java:648)
	at org.testng.TestRunner.run(TestRunner.java:505)
	at org.testng.SuiteRunner.runTest(SuiteRunner.java:455)
	at org.testng.SuiteRunner.runSequentially(SuiteRunner.java:450)
	at org.testng.SuiteRunner.privateRun(SuiteRunner.java:415)
	at org.testng.SuiteRunner.run(SuiteRunner.java:364)
	at org.testng.SuiteRunnerWorker.runSuite(SuiteRunnerWorker.java:52)
	at org.testng.SuiteRunnerWorker.run(SuiteRunnerWorker.java:84)
	at org.testng.TestNG.runSuitesSequentially(TestNG.java:1208)
	at org.testng.TestNG.runSuitesLocally(TestNG.java:1137)
	at org.testng.TestNG.runSuites(TestNG.java:1049)
	at org.testng.TestNG.run(TestNG.java:1017)
	at org.testng.remote.AbstractRemoteTestNG.run(AbstractRemoteTestNG.java:115)
	at org.testng.remote.RemoteTestNG.initAndRun(RemoteTestNG.java:251)
	at org.testng.remote.RemoteTestNG.main(RemoteTestNG.java:77)
</pre></div></td>
<td>5</td>
<td>katzevman_David.com.gearBest.tests.Test2@1ed4004b</td></tr>
<tr>
<td title='katzevman_David.com.gearBest.tests.Test3._0_02_gearBestIndevidualProductTest()'><b>_0_02_gearBestIndevidualProductTest</b><br>Test class: katzevman_David.com.gearBest.tests.Test3</td>
<td><div><pre>java.lang.Exception: Not on the expected page: GearBestLandingPage
Expected condition failed: waiting for visibility of element located by By.className: siteNewUser_content (tried for 5 second(s) with 500 milliseconds interval)
	at katzevman_David.com.gearBest.Infra.Pages.AbstractPage.assertInPage(AbstractPage.java:40)
	at katzevman_David.com.gearBest.Infra.Pages.AbstractPage.&lt;init&gt;(AbstractPage.java:26)
	at katzevman_David.com.gearBest.Infra.Pages.GearBestLandingPage.&lt;init&gt;(GearBestLandingPage.java:25)
	at katzevman_David.com.gearBest.tests.Test3._0_02_gearBestIndevidualProductTest(Test3.java:33)
... Removed 25 stack frames</pre></div><a href='#' onClick='toggleBox("stack-trace873175411", this, "Click to show all stack frames", "Click to hide stack frames")'>Click to show all stack frames</a>
<div class='stack-trace' id='stack-trace873175411'><pre>java.lang.Exception: Not on the expected page: GearBestLandingPage
Expected condition failed: waiting for visibility of element located by By.className: siteNewUser_content (tried for 5 second(s) with 500 milliseconds interval)
	at katzevman_David.com.gearBest.Infra.Pages.AbstractPage.assertInPage(AbstractPage.java:40)
	at katzevman_David.com.gearBest.Infra.Pages.AbstractPage.&lt;init&gt;(AbstractPage.java:26)
	at katzevman_David.com.gearBest.Infra.Pages.GearBestLandingPage.&lt;init&gt;(GearBestLandingPage.java:25)
	at katzevman_David.com.gearBest.tests.Test3._0_02_gearBestIndevidualProductTest(Test3.java:33)
	at sun.reflect.NativeMethodAccessorImpl.invoke0(Native Method)
	at sun.reflect.NativeMethodAccessorImpl.invoke(Unknown Source)
	at sun.reflect.DelegatingMethodAccessorImpl.invoke(Unknown Source)
	at java.lang.reflect.Method.invoke(Unknown Source)
	at org.testng.internal.MethodInvocationHelper.invokeMethod(MethodInvocationHelper.java:124)
	at org.testng.internal.Invoker.invokeMethod(Invoker.java:583)
	at org.testng.internal.Invoker.invokeTestMethod(Invoker.java:719)
	at org.testng.internal.Invoker.invokeTestMethods(Invoker.java:989)
	at org.testng.internal.TestMethodWorker.invokeTestMethods(TestMethodWorker.java:125)
	at org.testng.internal.TestMethodWorker.run(TestMethodWorker.java:109)
	at org.testng.TestRunner.privateRun(TestRunner.java:648)
	at org.testng.TestRunner.run(TestRunner.java:505)
	at org.testng.SuiteRunner.runTest(SuiteRunner.java:455)
	at org.testng.SuiteRunner.runSequentially(SuiteRunner.java:450)
	at org.testng.SuiteRunner.privateRun(SuiteRunner.java:415)
	at org.testng.SuiteRunner.run(SuiteRunner.java:364)
	at org.testng.SuiteRunnerWorker.runSuite(SuiteRunnerWorker.java:52)
	at org.testng.SuiteRunnerWorker.run(SuiteRunnerWorker.java:84)
	at org.testng.TestNG.runSuitesSequentially(TestNG.java:1208)
	at org.testng.TestNG.runSuitesLocally(TestNG.java:1137)
	at org.testng.TestNG.runSuites(TestNG.java:1049)
	at org.testng.TestNG.run(TestNG.java:1017)
	at org.testng.remote.AbstractRemoteTestNG.run(AbstractRemoteTestNG.java:115)
	at org.testng.remote.RemoteTestNG.initAndRun(RemoteTestNG.java:251)
	at org.testng.remote.RemoteTestNG.main(RemoteTestNG.java:77)
</pre></div></td>
<td>5</td>
<td>katzevman_David.com.gearBest.tests.Test3@ff5b51f</td></tr>
<tr>
<td title='katzevman_David.com.gearBest.tests.Test5._0_02_gearBestIndevidualProductTest()'><b>_0_02_gearBestIndevidualProductTest</b><br>Test class: katzevman_David.com.gearBest.tests.Test5</td>
<td><div><pre>java.lang.Exception: Not on the expected page: GearBestLandingPage
Expected condition failed: waiting for visibility of element located by By.className: siteNewUser_content (tried for 5 second(s) with 500 milliseconds interval)
	at katzevman_David.com.gearBest.Infra.Pages.AbstractPage.assertInPage(AbstractPage.java:40)
	at katzevman_David.com.gearBest.Infra.Pages.AbstractPage.&lt;init&gt;(AbstractPage.java:26)
	at katzevman_David.com.gearBest.Infra.Pages.GearBestLandingPage.&lt;init&gt;(GearBestLandingPage.java:25)
	at katzevman_David.com.gearBest.tests.Test5._0_02_gearBestIndevidualProductTest(Test5.java:29)
... Removed 25 stack frames</pre></div><a href='#' onClick='toggleBox("stack-trace697508322", this, "Click to show all stack frames", "Click to hide stack frames")'>Click to show all stack frames</a>
<div class='stack-trace' id='stack-trace697508322'><pre>java.lang.Exception: Not on the expected page: GearBestLandingPage
Expected condition failed: waiting for visibility of element located by By.className: siteNewUser_content (tried for 5 second(s) with 500 milliseconds interval)
	at katzevman_David.com.gearBest.Infra.Pages.AbstractPage.assertInPage(AbstractPage.java:40)
	at katzevman_David.com.gearBest.Infra.Pages.AbstractPage.&lt;init&gt;(AbstractPage.java:26)
	at katzevman_David.com.gearBest.Infra.Pages.GearBestLandingPage.&lt;init&gt;(GearBestLandingPage.java:25)
	at katzevman_David.com.gearBest.tests.Test5._0_02_gearBestIndevidualProductTest(Test5.java:29)
	at sun.reflect.NativeMethodAccessorImpl.invoke0(Native Method)
	at sun.reflect.NativeMethodAccessorImpl.invoke(Unknown Source)
	at sun.reflect.DelegatingMethodAccessorImpl.invoke(Unknown Source)
	at java.lang.reflect.Method.invoke(Unknown Source)
	at org.testng.internal.MethodInvocationHelper.invokeMethod(MethodInvocationHelper.java:124)
	at org.testng.internal.Invoker.invokeMethod(Invoker.java:583)
	at org.testng.internal.Invoker.invokeTestMethod(Invoker.java:719)
	at org.testng.internal.Invoker.invokeTestMethods(Invoker.java:989)
	at org.testng.internal.TestMethodWorker.invokeTestMethods(TestMethodWorker.java:125)
	at org.testng.internal.TestMethodWorker.run(TestMethodWorker.java:109)
	at org.testng.TestRunner.privateRun(TestRunner.java:648)
	at org.testng.TestRunner.run(TestRunner.java:505)
	at org.testng.SuiteRunner.runTest(SuiteRunner.java:455)
	at org.testng.SuiteRunner.runSequentially(SuiteRunner.java:450)
	at org.testng.SuiteRunner.privateRun(SuiteRunner.java:415)
	at org.testng.SuiteRunner.run(SuiteRunner.java:364)
	at org.testng.SuiteRunnerWorker.runSuite(SuiteRunnerWorker.java:52)
	at org.testng.SuiteRunnerWorker.run(SuiteRunnerWorker.java:84)
	at org.testng.TestNG.runSuitesSequentially(TestNG.java:1208)
	at org.testng.TestNG.runSuitesLocally(TestNG.java:1137)
	at org.testng.TestNG.runSuites(TestNG.java:1049)
	at org.testng.TestNG.run(TestNG.java:1017)
	at org.testng.remote.AbstractRemoteTestNG.run(AbstractRemoteTestNG.java:115)
	at org.testng.remote.RemoteTestNG.initAndRun(RemoteTestNG.java:251)
	at org.testng.remote.RemoteTestNG.main(RemoteTestNG.java:77)
</pre></div></td>
<td>5</td>
<td>katzevman_David.com.gearBest.tests.Test5@5702b3b1</td></tr>
<tr>
<td title='katzevman_David.com.gearBest.tests.Test4._0_04_gearBestFlashSale()'><b>_0_04_gearBestFlashSale</b><br>Test class: katzevman_David.com.gearBest.tests.Test4</td>
<td><div><pre>java.lang.Exception: Not on the expected page: GearBestLandingPage
Expected condition failed: waiting for visibility of element located by By.className: siteNewUser_content (tried for 5 second(s) with 500 milliseconds interval)
	at katzevman_David.com.gearBest.Infra.Pages.AbstractPage.assertInPage(AbstractPage.java:40)
	at katzevman_David.com.gearBest.Infra.Pages.AbstractPage.&lt;init&gt;(AbstractPage.java:26)
	at katzevman_David.com.gearBest.Infra.Pages.GearBestLandingPage.&lt;init&gt;(GearBestLandingPage.java:25)
	at katzevman_David.com.gearBest.tests.Test4._0_04_gearBestFlashSale(Test4.java:26)
... Removed 25 stack frames</pre></div><a href='#' onClick='toggleBox("stack-trace1858015030", this, "Click to show all stack frames", "Click to hide stack frames")'>Click to show all stack frames</a>
<div class='stack-trace' id='stack-trace1858015030'><pre>java.lang.Exception: Not on the expected page: GearBestLandingPage
Expected condition failed: waiting for visibility of element located by By.className: siteNewUser_content (tried for 5 second(s) with 500 milliseconds interval)
	at katzevman_David.com.gearBest.Infra.Pages.AbstractPage.assertInPage(AbstractPage.java:40)
	at katzevman_David.com.gearBest.Infra.Pages.AbstractPage.&lt;init&gt;(AbstractPage.java:26)
	at katzevman_David.com.gearBest.Infra.Pages.GearBestLandingPage.&lt;init&gt;(GearBestLandingPage.java:25)
	at katzevman_David.com.gearBest.tests.Test4._0_04_gearBestFlashSale(Test4.java:26)
	at sun.reflect.NativeMethodAccessorImpl.invoke0(Native Method)
	at sun.reflect.NativeMethodAccessorImpl.invoke(Unknown Source)
	at sun.reflect.DelegatingMethodAccessorImpl.invoke(Unknown Source)
	at java.lang.reflect.Method.invoke(Unknown Source)
	at org.testng.internal.MethodInvocationHelper.invokeMethod(MethodInvocationHelper.java:124)
	at org.testng.internal.Invoker.invokeMethod(Invoker.java:583)
	at org.testng.internal.Invoker.invokeTestMethod(Invoker.java:719)
	at org.testng.internal.Invoker.invokeTestMethods(Invoker.java:989)
	at org.testng.internal.TestMethodWorker.invokeTestMethods(TestMethodWorker.java:125)
	at org.testng.internal.TestMethodWorker.run(TestMethodWorker.java:109)
	at org.testng.TestRunner.privateRun(TestRunner.java:648)
	at org.testng.TestRunner.run(TestRunner.java:505)
	at org.testng.SuiteRunner.runTest(SuiteRunner.java:455)
	at org.testng.SuiteRunner.runSequentially(SuiteRunner.java:450)
	at org.testng.SuiteRunner.privateRun(SuiteRunner.java:415)
	at org.testng.SuiteRunner.run(SuiteRunner.java:364)
	at org.testng.SuiteRunnerWorker.runSuite(SuiteRunnerWorker.java:52)
	at org.testng.SuiteRunnerWorker.run(SuiteRunnerWorker.java:84)
	at org.testng.TestNG.runSuitesSequentially(TestNG.java:1208)
	at org.testng.TestNG.runSuitesLocally(TestNG.java:1137)
	at org.testng.TestNG.runSuites(TestNG.java:1049)
	at org.testng.TestNG.run(TestNG.java:1017)
	at org.testng.remote.AbstractRemoteTestNG.run(AbstractRemoteTestNG.java:115)
	at org.testng.remote.RemoteTestNG.initAndRun(RemoteTestNG.java:251)
	at org.testng.remote.RemoteTestNG.main(RemoteTestNG.java:77)
</pre></div></td>
<td>5</td>
<td>katzevman_David.com.gearBest.tests.Test4@25bbe1b6</td></tr>
</table><p>
<table width='100%' border='1' class='invocation-passed'>
<tr><td colspan='4' align='center'><b>PASSED TESTS</b></td></tr>
<tr><td><b>Test method</b></td>
<td width="30%"><b>Exception</b></td>
<td width="10%"><b>Time (seconds)</b></td>
<td><b>Instance</b></td>
</tr>
<tr>
<td title='katzevman_David.com.gearBest.tests.Test1._0_01_gearBestLandingPageSearch()'><b>_0_01_gearBestLandingPageSearch</b><br>Test class: katzevman_David.com.gearBest.tests.Test1</td>
<td></td>
<td>6</td>
<td>katzevman_David.com.gearBest.tests.Test1@4566e5bd</td></tr>
</table><p>
</body>
</html>